0 info it worked if it ends with ok
1 verbose cli [ '/Users/echenley/.nvm/v0.10.33/bin/node',
1 verbose cli   '/Users/echenley/.nvm/v0.10.33/bin/npm',
1 verbose cli   'install',
1 verbose cli   'underscore-contrib' ]
2 info using npm@1.4.28
3 info using node@v0.10.33
4 error Error: Invalid version: "0.1"
4 error     at Object.module.exports.fixVersionField (/Users/echenley/.nvm/v0.10.33/lib/node_modules/npm/node_modules/read-package-json/node_modules/normalize-package-data/lib/fixer.js:183:13)
4 error     at /Users/echenley/.nvm/v0.10.33/lib/node_modules/npm/node_modules/read-package-json/node_modules/normalize-package-data/lib/normalize.js:30:38
4 error     at Array.forEach (native)
4 error     at normalize (/Users/echenley/.nvm/v0.10.33/lib/node_modules/npm/node_modules/read-package-json/node_modules/normalize-package-data/lib/normalize.js:29:15)
4 error     at final (/Users/echenley/.nvm/v0.10.33/lib/node_modules/npm/node_modules/read-package-json/read-json.js:342:33)
4 error     at then (/Users/echenley/.nvm/v0.10.33/lib/node_modules/npm/node_modules/read-package-json/read-json.js:126:33)
4 error     at /Users/echenley/.nvm/v0.10.33/lib/node_modules/npm/node_modules/read-package-json/read-json.js:331:40
4 error     at evalmachine.<anonymous>:271:14
4 error     at /Users/echenley/.nvm/v0.10.33/lib/node_modules/npm/node_modules/graceful-fs/graceful-fs.js:102:5
4 error     at Object.oncomplete (evalmachine.<anonymous>:107:15)
5 error If you need help, you may report this *entire* log,
5 error including the npm and node versions, at:
5 error     <http://github.com/npm/npm/issues>
6 error System Darwin 14.0.0
7 error command "/Users/echenley/.nvm/v0.10.33/bin/node" "/Users/echenley/.nvm/v0.10.33/bin/npm" "install" "underscore-contrib"
8 error cwd /Users/echenley/Sites/henleyedition.com/content/themes/scratch2
9 error node -v v0.10.33
10 error npm -v 1.4.28
11 verbose exit [ 1, true ]
